TimeQuest Timing Analyzer report for FPGA_EXP2
Mon Mar 13 15:21:21 2023
Quartus II 64-Bit Version 13.0.1 Build 232 06/12/2013 Service Pack 1 SJ Full Version


---------------------
; Table of Contents ;
---------------------
  1. Legal Notice
  2. TimeQuest Timing Analyzer Summary
  3. Parallel Compilation
  4. Clocks
  5. Slow 1100mV 85C Model Fmax Summary
  6. Timing Closure Recommendations
  7. Slow 1100mV 85C Model Setup Summary
  8. Slow 1100mV 85C Model Hold Summary
  9. Slow 1100mV 85C Model Recovery Summary
 10. Slow 1100mV 85C Model Removal Summary
 11. Slow 1100mV 85C Model Minimum Pulse Width Summary
 12. Setup Times
 13. Hold Times
 14. Clock to Output Times
 15. Minimum Clock to Output Times
 16. Propagation Delay
 17. Minimum Propagation Delay
 18. Slow 1100mV 85C Model Metastability Report
 19. Slow 1100mV 0C Model Fmax Summary
 20. Slow 1100mV 0C Model Setup Summary
 21. Slow 1100mV 0C Model Hold Summary
 22. Slow 1100mV 0C Model Recovery Summary
 23. Slow 1100mV 0C Model Removal Summary
 24. Slow 1100mV 0C Model Minimum Pulse Width Summary
 25. Setup Times
 26. Hold Times
 27. Clock to Output Times
 28. Minimum Clock to Output Times
 29. Propagation Delay
 30. Minimum Propagation Delay
 31. Slow 1100mV 0C Model Metastability Report
 32. Fast 1100mV 85C Model Setup Summary
 33. Fast 1100mV 85C Model Hold Summary
 34. Fast 1100mV 85C Model Recovery Summary
 35. Fast 1100mV 85C Model Removal Summary
 36. Fast 1100mV 85C Model Minimum Pulse Width Summary
 37. Setup Times
 38. Hold Times
 39. Clock to Output Times
 40. Minimum Clock to Output Times
 41. Propagation Delay
 42. Minimum Propagation Delay
 43. Fast 1100mV 85C Model Metastability Report
 44. Fast 1100mV 0C Model Setup Summary
 45. Fast 1100mV 0C Model Hold Summary
 46. Fast 1100mV 0C Model Recovery Summary
 47. Fast 1100mV 0C Model Removal Summary
 48. Fast 1100mV 0C Model Minimum Pulse Width Summary
 49. Setup Times
 50. Hold Times
 51. Clock to Output Times
 52. Minimum Clock to Output Times
 53. Propagation Delay
 54. Minimum Propagation Delay
 55. Fast 1100mV 0C Model Metastability Report
 56. Multicorner Timing Analysis Summary
 57. Setup Times
 58. Hold Times
 59. Clock to Output Times
 60. Minimum Clock to Output Times
 61. Progagation Delay
 62. Minimum Progagation Delay
 63. Board Trace Model Assignments
 64. Input Transition Times
 65. Signal Integrity Metrics (Slow 1100mv 0c Model)
 66. Signal Integrity Metrics (Slow 1100mv 85c Model)
 67. Signal Integrity Metrics (Fast 1100mv 0c Model)
 68. Signal Integrity Metrics (Fast 1100mv 85c Model)
 69. Setup Transfers
 70. Hold Transfers
 71. Report TCCS
 72. Report RSKM
 73. Unconstrained Paths
 74. TimeQuest Timing Analyzer Messages



----------------
; Legal Notice ;
----------------
Copyright (C) 1991-2013 Altera Corporation
Your use of Altera Corporation's design tools, logic functions 
and other software and tools, and its AMPP partner logic 
functions, and any output files from any of the foregoing 
(including device programming or simulation files), and any 
associated documentation or information are expressly subject 
to the terms and conditions of the Altera Program License 
Subscription Agreement, Altera MegaCore Function License 
Agreement, or other applicable license agreement, including, 
without limitation, that your use is for the sole purpose of 
programming logic devices manufactured by Altera and sold by 
Altera or its authorized distributors.  Please refer to the 
applicable agreement for further details.



+-----------------------------------------------------------------------------------------+
; TimeQuest Timing Analyzer Summary                                                       ;
+--------------------+--------------------------------------------------------------------+
; Quartus II Version ; Version 13.0.1 Build 232 06/12/2013 Service Pack 1 SJ Full Version ;
; Revision Name      ; FPGA_EXP2                                                          ;
; Device Family      ; Cyclone V                                                          ;
; Device Name        ; 5CEFA2F23C8                                                        ;
; Timing Models      ; Final                                                              ;
; Delay Model        ; Combined                                                           ;
; Rise/Fall Delays   ; Enabled                                                            ;
+--------------------+--------------------------------------------------------------------+


+------------------------------------------+
; Parallel Compilation                     ;
+----------------------------+-------------+
; Processors                 ; Number      ;
+----------------------------+-------------+
; Number detected on machine ; 8           ;
; Maximum allowed            ; 4           ;
;                            ;             ;
; Average used               ; 1.00        ;
; Maximum used               ; 4           ;
;                            ;             ;
; Usage by Processor         ; % Time Used ;
;     Processor 1            ; 100.0%      ;
;     Processors 2-4         ; < 0.1%      ;
;     Processors 5-8         ;   0.0%      ;
+----------------------------+-------------+


+--------------------------------------------------------------------------------------------------------------------------------------------------------------------------------------------+
; Clocks                                                                                                                                                                                     ;
+--------------+------+--------+------------+-------+-------+------------+-----------+-------------+-------+--------+-----------+------------+----------+--------+--------+------------------+
; Clock Name   ; Type ; Period ; Frequency  ; Rise  ; Fall  ; Duty Cycle ; Divide by ; Multiply by ; Phase ; Offset ; Edge List ; Edge Shift ; Inverted ; Master ; Source ; Targets          ;
+--------------+------+--------+------------+-------+-------+------------+-----------+-------------+-------+--------+-----------+------------+----------+--------+--------+------------------+
; clk          ; Base ; 1.000  ; 1000.0 MHz ; 0.000 ; 0.500 ;            ;           ;             ;       ;        ;           ;            ;          ;        ;        ; { clk }          ;
; feqdev:f|tmp ; Base ; 1.000  ; 1000.0 MHz ; 0.000 ; 0.500 ;            ;           ;             ;       ;        ;           ;            ;          ;        ;        ; { feqdev:f|tmp } ;
+--------------+------+--------+------------+-------+-------+------------+-----------+-------------+-------+--------+-----------+------------+----------+--------+--------+------------------+


+----------------------------------------------------+
; Slow 1100mV 85C Model Fmax Summary                 ;
+------------+-----------------+--------------+------+
; Fmax       ; Restricted Fmax ; Clock Name   ; Note ;
+------------+-----------------+--------------+------+
; 230.57 MHz ; 230.57 MHz      ; clk          ;      ;
; 381.68 MHz ; 381.68 MHz      ; feqdev:f|tmp ;      ;
+------------+-----------------+--------------+------+
This panel reports FMAX for every clock in the design, regardless of the user-specified clock periods.  FMAX is only computed for paths where the source and destination registers or ports are driven by the same clock.  Paths of different clocks, including generated clocks, are ignored.  For paths between a clock and its inversion, FMAX is computed as if the rising and falling edges are scaled along with FMAX, such that the duty cycle (in terms of a percentage) is maintained. Altera recommends that you always use clock constraints and other slack reports for sign-off analysis.


----------------------------------
; Timing Closure Recommendations ;
----------------------------------
HTML report is unavailable in plain text report export.


+---------------------------------------+
; Slow 1100mV 85C Model Setup Summary   ;
+--------------+--------+---------------+
; Clock        ; Slack  ; End Point TNS ;
+--------------+--------+---------------+
; clk          ; -3.337 ; -85.430       ;
; feqdev:f|tmp ; -1.620 ; -23.990       ;
+--------------+--------+---------------+


+---------------------------------------+
; Slow 1100mV 85C Model Hold Summary    ;
+--------------+--------+---------------+
; Clock        ; Slack  ; End Point TNS ;
+--------------+--------+---------------+
; clk          ; -2.269 ; -2.269        ;
; feqdev:f|tmp ; 0.410  ; 0.000         ;
+--------------+--------+---------------+


------------------------------------------
; Slow 1100mV 85C Model Recovery Summary ;
------------------------------------------
No paths to report.


-----------------------------------------
; Slow 1100mV 85C Model Removal Summary ;
-----------------------------------------
No paths to report.


+---------------------------------------------------+
; Slow 1100mV 85C Model Minimum Pulse Width Summary ;
+--------------+--------+---------------------------+
; Clock        ; Slack  ; End Point TNS             ;
+--------------+--------+---------------------------+
; clk          ; -0.724 ; -30.046                   ;
; feqdev:f|tmp ; -0.724 ; -24.279                   ;
+--------------+--------+---------------------------+


+-------------------------------------------------------------------------+
; Setup Times                                                             ;
+-----------+--------------+-------+-------+------------+-----------------+
; Data Port ; Clock Port   ; Rise  ; Fall  ; Clock Edge ; Clock Reference ;
+-----------+--------------+-------+-------+------------+-----------------+
; sel       ; feqdev:f|tmp ; 4.116 ; 4.252 ; Rise       ; feqdev:f|tmp    ;
+-----------+--------------+-------+-------+------------+-----------------+


+---------------------------------------------------------------------------+
; Hold Times                                                                ;
+-----------+--------------+--------+--------+------------+-----------------+
; Data Port ; Clock Port   ; Rise   ; Fall   ; Clock Edge ; Clock Reference ;
+-----------+--------------+--------+--------+------------+-----------------+
; sel       ; feqdev:f|tmp ; -2.176 ; -2.393 ; Rise       ; feqdev:f|tmp    ;
+-----------+--------------+--------+--------+------------+-----------------+


+-------------------------------------------------------------------------------+
; Clock to Output Times                                                         ;
+---------------+--------------+--------+--------+------------+-----------------+
; Data Port     ; Clock Port   ; Rise   ; Fall   ; Clock Edge ; Clock Reference ;
+---------------+--------------+--------+--------+------------+-----------------+
; detector_out  ; feqdev:f|tmp ; 10.769 ; 11.811 ; Rise       ; feqdev:f|tmp    ;
; generator_out ; feqdev:f|tmp ; 10.674 ; 11.073 ; Rise       ; feqdev:f|tmp    ;
+---------------+--------------+--------+--------+------------+-----------------+


+-----------------------------------------------------------------------------+
; Minimum Clock to Output Times                                               ;
+---------------+--------------+-------+-------+------------+-----------------+
; Data Port     ; Clock Port   ; Rise  ; Fall  ; Clock Edge ; Clock Reference ;
+---------------+--------------+-------+-------+------------+-----------------+
; detector_out  ; feqdev:f|tmp ; 8.461 ; 9.365 ; Rise       ; feqdev:f|tmp    ;
; generator_out ; feqdev:f|tmp ; 8.033 ; 8.324 ; Rise       ; feqdev:f|tmp    ;
+---------------+--------------+-------+-------+------------+-----------------+


+----------------------------------------------------------------+
; Propagation Delay                                              ;
+------------+---------------+--------+--------+--------+--------+
; Input Port ; Output Port   ; RR     ; RF     ; FR     ; FF     ;
+------------+---------------+--------+--------+--------+--------+
; sel        ; generator_out ; 12.365 ; 12.748 ; 12.499 ; 12.869 ;
+------------+---------------+--------+--------+--------+--------+


+--------------------------------------------------------------+
; Minimum Propagation Delay                                    ;
+------------+---------------+-------+--------+-------+--------+
; Input Port ; Output Port   ; RR    ; RF     ; FR    ; FF     ;
+------------+---------------+-------+--------+-------+--------+
; sel        ; generator_out ; 9.919 ; 10.238 ; 9.995 ; 10.310 ;
+------------+---------------+-------+--------+-------+--------+


----------------------------------------------
; Slow 1100mV 85C Model Metastability Report ;
----------------------------------------------
No synchronizer chains to report.


+----------------------------------------------------+
; Slow 1100mV 0C Model Fmax Summary                  ;
+------------+-----------------+--------------+------+
; Fmax       ; Restricted Fmax ; Clock Name   ; Note ;
+------------+-----------------+--------------+------+
; 239.06 MHz ; 239.06 MHz      ; clk          ;      ;
; 369.0 MHz  ; 369.0 MHz       ; feqdev:f|tmp ;      ;
+------------+-----------------+--------------+------+
This panel reports FMAX for every clock in the design, regardless of the user-specified clock periods.  FMAX is only computed for paths where the source and destination registers or ports are driven by the same clock.  Paths of different clocks, including generated clocks, are ignored.  For paths between a clock and its inversion, FMAX is computed as if the rising and falling edges are scaled along with FMAX, such that the duty cycle (in terms of a percentage) is maintained. Altera recommends that you always use clock constraints and other slack reports for sign-off analysis.


+---------------------------------------+
; Slow 1100mV 0C Model Setup Summary    ;
+--------------+--------+---------------+
; Clock        ; Slack  ; End Point TNS ;
+--------------+--------+---------------+
; clk          ; -3.183 ; -82.399       ;
; feqdev:f|tmp ; -1.710 ; -24.058       ;
+--------------+--------+---------------+


+---------------------------------------+
; Slow 1100mV 0C Model Hold Summary     ;
+--------------+--------+---------------+
; Clock        ; Slack  ; End Point TNS ;
+--------------+--------+---------------+
; clk          ; -2.325 ; -2.325        ;
; feqdev:f|tmp ; 0.508  ; 0.000         ;
+--------------+--------+---------------+


-----------------------------------------
; Slow 1100mV 0C Model Recovery Summary ;
-----------------------------------------
No paths to report.


----------------------------------------
; Slow 1100mV 0C Model Removal Summary ;
----------------------------------------
No paths to report.


+--------------------------------------------------+
; Slow 1100mV 0C Model Minimum Pulse Width Summary ;
+--------------+--------+--------------------------+
; Clock        ; Slack  ; End Point TNS            ;
+--------------+--------+--------------------------+
; clk          ; -0.724 ; -29.978                  ;
; feqdev:f|tmp ; -0.724 ; -24.328                  ;
+--------------+--------+--------------------------+


+-------------------------------------------------------------------------+
; Setup Times                                                             ;
+-----------+--------------+-------+-------+------------+-----------------+
; Data Port ; Clock Port   ; Rise  ; Fall  ; Clock Edge ; Clock Reference ;
+-----------+--------------+-------+-------+------------+-----------------+
; sel       ; feqdev:f|tmp ; 4.264 ; 4.418 ; Rise       ; feqdev:f|tmp    ;
+-----------+--------------+-------+-------+------------+-----------------+


+---------------------------------------------------------------------------+
; Hold Times                                                                ;
+-----------+--------------+--------+--------+------------+-----------------+
; Data Port ; Clock Port   ; Rise   ; Fall   ; Clock Edge ; Clock Reference ;
+-----------+--------------+--------+--------+------------+-----------------+
; sel       ; feqdev:f|tmp ; -2.225 ; -2.432 ; Rise       ; feqdev:f|tmp    ;
+-----------+--------------+--------+--------+------------+-----------------+


+-------------------------------------------------------------------------------+
; Clock to Output Times                                                         ;
+---------------+--------------+--------+--------+------------+-----------------+
; Data Port     ; Clock Port   ; Rise   ; Fall   ; Clock Edge ; Clock Reference ;
+---------------+--------------+--------+--------+------------+-----------------+
; detector_out  ; feqdev:f|tmp ; 10.338 ; 11.445 ; Rise       ; feqdev:f|tmp    ;
; generator_out ; feqdev:f|tmp ; 10.253 ; 10.800 ; Rise       ; feqdev:f|tmp    ;
+---------------+--------------+--------+--------+------------+-----------------+


+-----------------------------------------------------------------------------+
; Minimum Clock to Output Times                                               ;
+---------------+--------------+-------+-------+------------+-----------------+
; Data Port     ; Clock Port   ; Rise  ; Fall  ; Clock Edge ; Clock Reference ;
+---------------+--------------+-------+-------+------------+-----------------+
; detector_out  ; feqdev:f|tmp ; 8.060 ; 9.065 ; Rise       ; feqdev:f|tmp    ;
; generator_out ; feqdev:f|tmp ; 7.588 ; 7.985 ; Rise       ; feqdev:f|tmp    ;
+---------------+--------------+-------+-------+------------+-----------------+


+----------------------------------------------------------------+
; Propagation Delay                                              ;
+------------+---------------+--------+--------+--------+--------+
; Input Port ; Output Port   ; RR     ; RF     ; FR     ; FF     ;
+------------+---------------+--------+--------+--------+--------+
; sel        ; generator_out ; 12.136 ; 12.627 ; 12.290 ; 12.765 ;
+------------+---------------+--------+--------+--------+--------+


+--------------------------------------------------------------+
; Minimum Propagation Delay                                    ;
+------------+---------------+-------+--------+-------+--------+
; Input Port ; Output Port   ; RR    ; RF     ; FR    ; FF     ;
+------------+---------------+-------+--------+-------+--------+
; sel        ; generator_out ; 9.613 ; 10.042 ; 9.704 ; 10.129 ;
+------------+---------------+-------+--------+-------+--------+


---------------------------------------------
; Slow 1100mV 0C Model Metastability Report ;
---------------------------------------------
No synchronizer chains to report.


+---------------------------------------+
; Fast 1100mV 85C Model Setup Summary   ;
+--------------+--------+---------------+
; Clock        ; Slack  ; End Point TNS ;
+--------------+--------+---------------+
; clk          ; -0.907 ; -22.429       ;
; feqdev:f|tmp ; -0.295 ; -3.610        ;
+--------------+--------+---------------+


+---------------------------------------+
; Fast 1100mV 85C Model Hold Summary    ;
+--------------+--------+---------------+
; Clock        ; Slack  ; End Point TNS ;
+--------------+--------+---------------+
; clk          ; -1.005 ; -1.005        ;
; feqdev:f|tmp ; 0.095  ; 0.000         ;
+--------------+--------+---------------+


------------------------------------------
; Fast 1100mV 85C Model Recovery Summary ;
------------------------------------------
No paths to report.


-----------------------------------------
; Fast 1100mV 85C Model Removal Summary ;
-----------------------------------------
No paths to report.


+---------------------------------------------------+
; Fast 1100mV 85C Model Minimum Pulse Width Summary ;
+--------------+--------+---------------------------+
; Clock        ; Slack  ; End Point TNS             ;
+--------------+--------+---------------------------+
; clk          ; -0.477 ; -2.966                    ;
; feqdev:f|tmp ; 0.145  ; 0.000                     ;
+--------------+--------+---------------------------+


+-------------------------------------------------------------------------+
; Setup Times                                                             ;
+-----------+--------------+-------+-------+------------+-----------------+
; Data Port ; Clock Port   ; Rise  ; Fall  ; Clock Edge ; Clock Reference ;
+-----------+--------------+-------+-------+------------+-----------------+
; sel       ; feqdev:f|tmp ; 1.718 ; 2.228 ; Rise       ; feqdev:f|tmp    ;
+-----------+--------------+-------+-------+------------+-----------------+


+---------------------------------------------------------------------------+
; Hold Times                                                                ;
+-----------+--------------+--------+--------+------------+-----------------+
; Data Port ; Clock Port   ; Rise   ; Fall   ; Clock Edge ; Clock Reference ;
+-----------+--------------+--------+--------+------------+-----------------+
; sel       ; feqdev:f|tmp ; -0.965 ; -1.477 ; Rise       ; feqdev:f|tmp    ;
+-----------+--------------+--------+--------+------------+-----------------+


+-----------------------------------------------------------------------------+
; Clock to Output Times                                                       ;
+---------------+--------------+-------+-------+------------+-----------------+
; Data Port     ; Clock Port   ; Rise  ; Fall  ; Clock Edge ; Clock Reference ;
+---------------+--------------+-------+-------+------------+-----------------+
; detector_out  ; feqdev:f|tmp ; 5.250 ; 6.198 ; Rise       ; feqdev:f|tmp    ;
; generator_out ; feqdev:f|tmp ; 4.892 ; 5.298 ; Rise       ; feqdev:f|tmp    ;
+---------------+--------------+-------+-------+------------+-----------------+


+-----------------------------------------------------------------------------+
; Minimum Clock to Output Times                                               ;
+---------------+--------------+-------+-------+------------+-----------------+
; Data Port     ; Clock Port   ; Rise  ; Fall  ; Clock Edge ; Clock Reference ;
+---------------+--------------+-------+-------+------------+-----------------+
; detector_out  ; feqdev:f|tmp ; 4.283 ; 5.158 ; Rise       ; feqdev:f|tmp    ;
; generator_out ; feqdev:f|tmp ; 3.756 ; 4.115 ; Rise       ; feqdev:f|tmp    ;
+---------------+--------------+-------+-------+------------+-----------------+


+------------------------------------------------------------+
; Propagation Delay                                          ;
+------------+---------------+-------+-------+-------+-------+
; Input Port ; Output Port   ; RR    ; RF    ; FR    ; FF    ;
+------------+---------------+-------+-------+-------+-------+
; sel        ; generator_out ; 5.557 ; 5.976 ; 6.068 ; 6.485 ;
+------------+---------------+-------+-------+-------+-------+


+------------------------------------------------------------+
; Minimum Propagation Delay                                  ;
+------------+---------------+-------+-------+-------+-------+
; Input Port ; Output Port   ; RR    ; RF    ; FR    ; FF    ;
+------------+---------------+-------+-------+-------+-------+
; sel        ; generator_out ; 4.599 ; 4.970 ; 5.075 ; 5.444 ;
+------------+---------------+-------+-------+-------+-------+


----------------------------------------------
; Fast 1100mV 85C Model Metastability Report ;
----------------------------------------------
No synchronizer chains to report.


+---------------------------------------+
; Fast 1100mV 0C Model Setup Summary    ;
+--------------+--------+---------------+
; Clock        ; Slack  ; End Point TNS ;
+--------------+--------+---------------+
; clk          ; -0.758 ; -18.729       ;
; feqdev:f|tmp ; -0.226 ; -2.362        ;
+--------------+--------+---------------+


+---------------------------------------+
; Fast 1100mV 0C Model Hold Summary     ;
+--------------+--------+---------------+
; Clock        ; Slack  ; End Point TNS ;
+--------------+--------+---------------+
; clk          ; -1.028 ; -1.028        ;
; feqdev:f|tmp ; 0.093  ; 0.000         ;
+--------------+--------+---------------+


-----------------------------------------
; Fast 1100mV 0C Model Recovery Summary ;
-----------------------------------------
No paths to report.


----------------------------------------
; Fast 1100mV 0C Model Removal Summary ;
----------------------------------------
No paths to report.


+--------------------------------------------------+
; Fast 1100mV 0C Model Minimum Pulse Width Summary ;
+--------------+--------+--------------------------+
; Clock        ; Slack  ; End Point TNS            ;
+--------------+--------+--------------------------+
; clk          ; -0.429 ; -2.942                   ;
; feqdev:f|tmp ; 0.143  ; 0.000                    ;
+--------------+--------+--------------------------+


+-------------------------------------------------------------------------+
; Setup Times                                                             ;
+-----------+--------------+-------+-------+------------+-----------------+
; Data Port ; Clock Port   ; Rise  ; Fall  ; Clock Edge ; Clock Reference ;
+-----------+--------------+-------+-------+------------+-----------------+
; sel       ; feqdev:f|tmp ; 1.700 ; 2.195 ; Rise       ; feqdev:f|tmp    ;
+-----------+--------------+-------+-------+------------+-----------------+


+---------------------------------------------------------------------------+
; Hold Times                                                                ;
+-----------+--------------+--------+--------+------------+-----------------+
; Data Port ; Clock Port   ; Rise   ; Fall   ; Clock Edge ; Clock Reference ;
+-----------+--------------+--------+--------+------------+-----------------+
; sel       ; feqdev:f|tmp ; -0.960 ; -1.459 ; Rise       ; feqdev:f|tmp    ;
+-----------+--------------+--------+--------+------------+-----------------+


+-----------------------------------------------------------------------------+
; Clock to Output Times                                                       ;
+---------------+--------------+-------+-------+------------+-----------------+
; Data Port     ; Clock Port   ; Rise  ; Fall  ; Clock Edge ; Clock Reference ;
+---------------+--------------+-------+-------+------------+-----------------+
; detector_out  ; feqdev:f|tmp ; 4.826 ; 5.575 ; Rise       ; feqdev:f|tmp    ;
; generator_out ; feqdev:f|tmp ; 4.418 ; 4.773 ; Rise       ; feqdev:f|tmp    ;
+---------------+--------------+-------+-------+------------+-----------------+


+-----------------------------------------------------------------------------+
; Minimum Clock to Output Times                                               ;
+---------------+--------------+-------+-------+------------+-----------------+
; Data Port     ; Clock Port   ; Rise  ; Fall  ; Clock Edge ; Clock Reference ;
+---------------+--------------+-------+-------+------------+-----------------+
; detector_out  ; feqdev:f|tmp ; 3.883 ; 4.556 ; Rise       ; feqdev:f|tmp    ;
; generator_out ; feqdev:f|tmp ; 3.334 ; 3.635 ; Rise       ; feqdev:f|tmp    ;
+---------------+--------------+-------+-------+------------+-----------------+


+------------------------------------------------------------+
; Propagation Delay                                          ;
+------------+---------------+-------+-------+-------+-------+
; Input Port ; Output Port   ; RR    ; RF    ; FR    ; FF    ;
+------------+---------------+-------+-------+-------+-------+
; sel        ; generator_out ; 5.149 ; 5.514 ; 5.645 ; 6.009 ;
+------------+---------------+-------+-------+-------+-------+


+------------------------------------------------------------+
; Minimum Propagation Delay                                  ;
+------------+---------------+-------+-------+-------+-------+
; Input Port ; Output Port   ; RR    ; RF    ; FR    ; FF    ;
+------------+---------------+-------+-------+-------+-------+
; sel        ; generator_out ; 4.217 ; 4.528 ; 4.685 ; 4.994 ;
+------------+---------------+-------+-------+-------+-------+


---------------------------------------------
; Fast 1100mV 0C Model Metastability Report ;
---------------------------------------------
No synchronizer chains to report.


+--------------------------------------------------------------------------------+
; Multicorner Timing Analysis Summary                                            ;
+------------------+---------+--------+----------+---------+---------------------+
; Clock            ; Setup   ; Hold   ; Recovery ; Removal ; Minimum Pulse Width ;
+------------------+---------+--------+----------+---------+---------------------+
; Worst-case Slack ; -3.337  ; -2.325 ; N/A      ; N/A     ; -0.724              ;
;  clk             ; -3.337  ; -2.325 ; N/A      ; N/A     ; -0.724              ;
;  feqdev:f|tmp    ; -1.710  ; 0.093  ; N/A      ; N/A     ; -0.724              ;
; Design-wide TNS  ; -109.42 ; -2.325 ; 0.0      ; 0.0     ; -54.325             ;
;  clk             ; -85.430 ; -2.325 ; N/A      ; N/A     ; -30.046             ;
;  feqdev:f|tmp    ; -24.058 ; 0.000  ; N/A      ; N/A     ; -24.328             ;
+------------------+---------+--------+----------+---------+---------------------+


+-------------------------------------------------------------------------+
; Setup Times                                                             ;
+-----------+--------------+-------+-------+------------+-----------------+
; Data Port ; Clock Port   ; Rise  ; Fall  ; Clock Edge ; Clock Reference ;
+-----------+--------------+-------+-------+------------+-----------------+
; sel       ; feqdev:f|tmp ; 4.264 ; 4.418 ; Rise       ; feqdev:f|tmp    ;
+-----------+--------------+-------+-------+------------+-----------------+


+---------------------------------------------------------------------------+
; Hold Times                                                                ;
+-----------+--------------+--------+--------+------------+-----------------+
; Data Port ; Clock Port   ; Rise   ; Fall   ; Clock Edge ; Clock Reference ;
+-----------+--------------+--------+--------+------------+-----------------+
; sel       ; feqdev:f|tmp ; -0.960 ; -1.459 ; Rise       ; feqdev:f|tmp    ;
+-----------+--------------+--------+--------+------------+-----------------+


+-------------------------------------------------------------------------------+
; Clock to Output Times                                                         ;
+---------------+--------------+--------+--------+------------+-----------------+
; Data Port     ; Clock Port   ; Rise   ; Fall   ; Clock Edge ; Clock Reference ;
+---------------+--------------+--------+--------+------------+-----------------+
; detector_out  ; feqdev:f|tmp ; 10.769 ; 11.811 ; Rise       ; feqdev:f|tmp    ;
; generator_out ; feqdev:f|tmp ; 10.674 ; 11.073 ; Rise       ; feqdev:f|tmp    ;
+---------------+--------------+--------+--------+------------+-----------------+


+-----------------------------------------------------------------------------+
; Minimum Clock to Output Times                                               ;
+---------------+--------------+-------+-------+------------+-----------------+
; Data Port     ; Clock Port   ; Rise  ; Fall  ; Clock Edge ; Clock Reference ;
+---------------+--------------+-------+-------+------------+-----------------+
; detector_out  ; feqdev:f|tmp ; 3.883 ; 4.556 ; Rise       ; feqdev:f|tmp    ;
; generator_out ; feqdev:f|tmp ; 3.334 ; 3.635 ; Rise       ; feqdev:f|tmp    ;
+---------------+--------------+-------+-------+------------+-----------------+


+----------------------------------------------------------------+
; Progagation Delay                                              ;
+------------+---------------+--------+--------+--------+--------+
; Input Port ; Output Port   ; RR     ; RF     ; FR     ; FF     ;
+------------+---------------+--------+--------+--------+--------+
; sel        ; generator_out ; 12.365 ; 12.748 ; 12.499 ; 12.869 ;
+------------+---------------+--------+--------+--------+--------+


+------------------------------------------------------------+
; Minimum Progagation Delay                                  ;
+------------+---------------+-------+-------+-------+-------+
; Input Port ; Output Port   ; RR    ; RF    ; FR    ; FF    ;
+------------+---------------+-------+-------+-------+-------+
; sel        ; generator_out ; 4.217 ; 4.528 ; 4.685 ; 4.994 ;
+------------+---------------+-------+-------+-------+-------+


+------------------------------------------------------------------------------------------------------------------------------------------------------------------------------------------------------------------------------------------------------------------------------------------------------------------------------------------------------------------------------------------------------------------+
; Board Trace Model Assignments                                                                                                                                                                                                                                                                                                                                                                                    ;
+---------------+--------------+-------------------+-------------------------+-------------------------+---------------+---------------------+----------------+------------------+--------+------------------+------------------------+------------------------+--------------+---------------+-----------------+-------+---------------------+--------------------+---------------+-----------------+-------------+
; Pin           ; I/O Standard ; Near Tline Length ; Near Tline L per Length ; Near Tline C per Length ; Near Series R ; Near Differential R ; Near Pull-up R ; Near Pull-down R ; Near C ; Far Tline Length ; Far Tline L per Length ; Far Tline C per Length ; Far Series R ; Far Pull-up R ; Far Pull-down R ; Far C ; Termination Voltage ; Far Differential R ; EBD File Name ; EBD Signal Name ; EBD Far-end ;
+---------------+--------------+-------------------+-------------------------+-------------------------+---------------+---------------------+----------------+------------------+--------+------------------+------------------------+------------------------+--------------+---------------+-----------------+-------+---------------------+--------------------+---------------+-----------------+-------------+
; detector_out  ; 2.5 V        ; 0 in              ; 0 H/in                  ; 0 F/in                  ; short         ; -                   ; open           ; open             ; open   ; 0 in             ; 0 H/in                 ; 0 F/in                 ; short        ; open          ; open            ; open  ; 0 V                 ; -                  ; n/a           ; n/a             ; n/a         ;
; generator_out ; 2.5 V        ; 0 in              ; 0 H/in                  ; 0 F/in                  ; short         ; -                   ; open           ; open             ; open   ; 0 in             ; 0 H/in                 ; 0 F/in                 ; short        ; open          ; open            ; open  ; 0 V                 ; -                  ; n/a           ; n/a             ; n/a         ;
+---------------+--------------+-------------------+-------------------------+-------------------------+---------------+---------------------+----------------+------------------+--------+------------------+------------------------+------------------------+--------------+---------------+-----------------+-------+---------------------+--------------------+---------------+-----------------+-------------+


+----------------------------------------------------------+
; Input Transition Times                                   ;
+-------+--------------+-----------------+-----------------+
; Pin   ; I/O Standard ; 10-90 Rise Time ; 90-10 Fall Time ;
+-------+--------------+-----------------+-----------------+
; sel   ; 2.5 V        ; 2000 ps         ; 2000 ps         ;
; reset ; 2.5 V        ; 2000 ps         ; 2000 ps         ;
; clk   ; 2.5 V        ; 2000 ps         ; 2000 ps         ;
+-------+--------------+-----------------+-----------------+


+--------------------------------------------------------------------------------------------------------------------------------------------------------------------------------------------------------------------------------------------------------------------------------------------------------------------------------------------------------------------------------------------------------------------------------------------------------------------------------------------------------------------------------------------------------------------------------------------------------------------------------------------------------------------------------------------+
; Signal Integrity Metrics (Slow 1100mv 0c Model)                                                                                                                                                                                                                                                                                                                                                                                                                                                                                                                                                                                                                                            ;
+---------------+--------------+---------------------+---------------------+------------------------------+------------------------------+---------------------+---------------------+--------------------------------------+--------------------------------------+-----------------------------+-----------------------------+----------------------------+----------------------------+-----------------------------+-----------------------------+--------------------+--------------------+-------------------------------------+-------------------------------------+----------------------------+----------------------------+---------------------------+---------------------------+
; Pin           ; I/O Standard ; Board Delay on Rise ; Board Delay on Fall ; Steady State Voh at FPGA Pin ; Steady State Vol at FPGA Pin ; Voh Max at FPGA Pin ; Vol Min at FPGA Pin ; Ringback Voltage on Rise at FPGA Pin ; Ringback Voltage on Fall at FPGA Pin ; 10-90 Rise Time at FPGA Pin ; 90-10 Fall Time at FPGA Pin ; Monotonic Rise at FPGA Pin ; Monotonic Fall at FPGA Pin ; Steady State Voh at Far-end ; Steady State Vol at Far-end ; Voh Max at Far-end ; Vol Min at Far-end ; Ringback Voltage on Rise at Far-end ; Ringback Voltage on Fall at Far-end ; 10-90 Rise Time at Far-end ; 90-10 Fall Time at Far-end ; Monotonic Rise at Far-end ; Monotonic Fall at Far-end ;
+---------------+--------------+---------------------+---------------------+------------------------------+------------------------------+---------------------+---------------------+--------------------------------------+--------------------------------------+-----------------------------+-----------------------------+----------------------------+----------------------------+-----------------------------+-----------------------------+--------------------+--------------------+-------------------------------------+-------------------------------------+----------------------------+----------------------------+---------------------------+---------------------------+
; detector_out  ; 2.5 V        ; 0 s                 ; 0 s                 ; 2.32 V                       ; 6.86e-08 V                   ; 2.4 V               ; -0.0326 V           ; 0.227 V                              ; 0.16 V                               ; 4.73e-10 s                  ; 4.78e-10 s                  ; No                         ; Yes                        ; 2.32 V                      ; 6.86e-08 V                  ; 2.4 V              ; -0.0326 V          ; 0.227 V                             ; 0.16 V                              ; 4.73e-10 s                 ; 4.78e-10 s                 ; No                        ; Yes                       ;
; generator_out ; 2.5 V        ; 0 s                 ; 0 s                 ; 2.32 V                       ; 5.91e-08 V                   ; 2.35 V              ; -0.0136 V           ; 0.17 V                               ; 0.118 V                              ; 4.69e-10 s                  ; 4.63e-10 s                  ; Yes                        ; Yes                        ; 2.32 V                      ; 5.91e-08 V                  ; 2.35 V             ; -0.0136 V          ; 0.17 V                              ; 0.118 V                             ; 4.69e-10 s                 ; 4.63e-10 s                 ; Yes                       ; Yes                       ;
+---------------+--------------+---------------------+---------------------+------------------------------+------------------------------+---------------------+---------------------+--------------------------------------+--------------------------------------+-----------------------------+-----------------------------+----------------------------+----------------------------+-----------------------------+-----------------------------+--------------------+--------------------+-------------------------------------+-------------------------------------+----------------------------+----------------------------+---------------------------+---------------------------+


+--------------------------------------------------------------------------------------------------------------------------------------------------------------------------------------------------------------------------------------------------------------------------------------------------------------------------------------------------------------------------------------------------------------------------------------------------------------------------------------------------------------------------------------------------------------------------------------------------------------------------------------------------------------------------------------------+
; Signal Integrity Metrics (Slow 1100mv 85c Model)                                                                                                                                                                                                                                                                                                                                                                                                                                                                                                                                                                                                                                           ;
+---------------+--------------+---------------------+---------------------+------------------------------+------------------------------+---------------------+---------------------+--------------------------------------+--------------------------------------+-----------------------------+-----------------------------+----------------------------+----------------------------+-----------------------------+-----------------------------+--------------------+--------------------+-------------------------------------+-------------------------------------+----------------------------+----------------------------+---------------------------+---------------------------+
; Pin           ; I/O Standard ; Board Delay on Rise ; Board Delay on Fall ; Steady State Voh at FPGA Pin ; Steady State Vol at FPGA Pin ; Voh Max at FPGA Pin ; Vol Min at FPGA Pin ; Ringback Voltage on Rise at FPGA Pin ; Ringback Voltage on Fall at FPGA Pin ; 10-90 Rise Time at FPGA Pin ; 90-10 Fall Time at FPGA Pin ; Monotonic Rise at FPGA Pin ; Monotonic Fall at FPGA Pin ; Steady State Voh at Far-end ; Steady State Vol at Far-end ; Voh Max at Far-end ; Vol Min at Far-end ; Ringback Voltage on Rise at Far-end ; Ringback Voltage on Fall at Far-end ; 10-90 Rise Time at Far-end ; 90-10 Fall Time at Far-end ; Monotonic Rise at Far-end ; Monotonic Fall at Far-end ;
+---------------+--------------+---------------------+---------------------+------------------------------+------------------------------+---------------------+---------------------+--------------------------------------+--------------------------------------+-----------------------------+-----------------------------+----------------------------+----------------------------+-----------------------------+-----------------------------+--------------------+--------------------+-------------------------------------+-------------------------------------+----------------------------+----------------------------+---------------------------+---------------------------+
; detector_out  ; 2.5 V        ; 0 s                 ; 0 s                 ; 2.32 V                       ; 1.05e-05 V                   ; 2.37 V              ; -0.0225 V           ; 0.277 V                              ; 0.104 V                              ; 5.22e-10 s                  ; 6.28e-10 s                  ; No                         ; Yes                        ; 2.32 V                      ; 1.05e-05 V                  ; 2.37 V             ; -0.0225 V          ; 0.277 V                             ; 0.104 V                             ; 5.22e-10 s                 ; 6.28e-10 s                 ; No                        ; Yes                       ;
; generator_out ; 2.5 V        ; 0 s                 ; 0 s                 ; 2.32 V                       ; 9.38e-06 V                   ; 2.34 V              ; -0.00733 V          ; 0.234 V                              ; 0.071 V                              ; 5.36e-10 s                  ; 5.75e-10 s                  ; No                         ; Yes                        ; 2.32 V                      ; 9.38e-06 V                  ; 2.34 V             ; -0.00733 V         ; 0.234 V                             ; 0.071 V                             ; 5.36e-10 s                 ; 5.75e-10 s                 ; No                        ; Yes                       ;
+---------------+--------------+---------------------+---------------------+------------------------------+------------------------------+---------------------+---------------------+--------------------------------------+--------------------------------------+-----------------------------+-----------------------------+----------------------------+----------------------------+-----------------------------+-----------------------------+--------------------+--------------------+-------------------------------------+-------------------------------------+----------------------------+----------------------------+---------------------------+---------------------------+


+--------------------------------------------------------------------------------------------------------------------------------------------------------------------------------------------------------------------------------------------------------------------------------------------------------------------------------------------------------------------------------------------------------------------------------------------------------------------------------------------------------------------------------------------------------------------------------------------------------------------------------------------------------------------------------------------+
; Signal Integrity Metrics (Fast 1100mv 0c Model)                                                                                                                                                                                                                                                                                                                                                                                                                                                                                                                                                                                                                                            ;
+---------------+--------------+---------------------+---------------------+------------------------------+------------------------------+---------------------+---------------------+--------------------------------------+--------------------------------------+-----------------------------+-----------------------------+----------------------------+----------------------------+-----------------------------+-----------------------------+--------------------+--------------------+-------------------------------------+-------------------------------------+----------------------------+----------------------------+---------------------------+---------------------------+
; Pin           ; I/O Standard ; Board Delay on Rise ; Board Delay on Fall ; Steady State Voh at FPGA Pin ; Steady State Vol at FPGA Pin ; Voh Max at FPGA Pin ; Vol Min at FPGA Pin ; Ringback Voltage on Rise at FPGA Pin ; Ringback Voltage on Fall at FPGA Pin ; 10-90 Rise Time at FPGA Pin ; 90-10 Fall Time at FPGA Pin ; Monotonic Rise at FPGA Pin ; Monotonic Fall at FPGA Pin ; Steady State Voh at Far-end ; Steady State Vol at Far-end ; Voh Max at Far-end ; Vol Min at Far-end ; Ringback Voltage on Rise at Far-end ; Ringback Voltage on Fall at Far-end ; 10-90 Rise Time at Far-end ; 90-10 Fall Time at Far-end ; Monotonic Rise at Far-end ; Monotonic Fall at Far-end ;
+---------------+--------------+---------------------+---------------------+------------------------------+------------------------------+---------------------+---------------------+--------------------------------------+--------------------------------------+-----------------------------+-----------------------------+----------------------------+----------------------------+-----------------------------+-----------------------------+--------------------+--------------------+-------------------------------------+-------------------------------------+----------------------------+----------------------------+---------------------------+---------------------------+
; detector_out  ; 2.5 V        ; 0 s                 ; 0 s                 ; 2.75 V                       ; 4.25e-06 V                   ; 2.9 V               ; -0.107 V            ; 0.378 V                              ; 0.16 V                               ; 2.87e-10 s                  ; 4.28e-10 s                  ; No                         ; No                         ; 2.75 V                      ; 4.25e-06 V                  ; 2.9 V              ; -0.107 V           ; 0.378 V                             ; 0.16 V                              ; 2.87e-10 s                 ; 4.28e-10 s                 ; No                        ; No                        ;
; generator_out ; 2.5 V        ; 0 s                 ; 0 s                 ; 2.75 V                       ; 3.54e-06 V                   ; 2.81 V              ; -0.0578 V           ; 0.303 V                              ; 0.28 V                               ; 2.93e-10 s                  ; 3.01e-10 s                  ; No                         ; No                         ; 2.75 V                      ; 3.54e-06 V                  ; 2.81 V             ; -0.0578 V          ; 0.303 V                             ; 0.28 V                              ; 2.93e-10 s                 ; 3.01e-10 s                 ; No                        ; No                        ;
+---------------+--------------+---------------------+---------------------+------------------------------+------------------------------+---------------------+---------------------+--------------------------------------+--------------------------------------+-----------------------------+-----------------------------+----------------------------+----------------------------+-----------------------------+-----------------------------+--------------------+--------------------+-------------------------------------+-------------------------------------+----------------------------+----------------------------+---------------------------+---------------------------+


+--------------------------------------------------------------------------------------------------------------------------------------------------------------------------------------------------------------------------------------------------------------------------------------------------------------------------------------------------------------------------------------------------------------------------------------------------------------------------------------------------------------------------------------------------------------------------------------------------------------------------------------------------------------------------------------------+
; Signal Integrity Metrics (Fast 1100mv 85c Model)                                                                                                                                                                                                                                                                                                                                                                                                                                                                                                                                                                                                                                           ;
+---------------+--------------+---------------------+---------------------+------------------------------+------------------------------+---------------------+---------------------+--------------------------------------+--------------------------------------+-----------------------------+-----------------------------+----------------------------+----------------------------+-----------------------------+-----------------------------+--------------------+--------------------+-------------------------------------+-------------------------------------+----------------------------+----------------------------+---------------------------+---------------------------+
; Pin           ; I/O Standard ; Board Delay on Rise ; Board Delay on Fall ; Steady State Voh at FPGA Pin ; Steady State Vol at FPGA Pin ; Voh Max at FPGA Pin ; Vol Min at FPGA Pin ; Ringback Voltage on Rise at FPGA Pin ; Ringback Voltage on Fall at FPGA Pin ; 10-90 Rise Time at FPGA Pin ; 90-10 Fall Time at FPGA Pin ; Monotonic Rise at FPGA Pin ; Monotonic Fall at FPGA Pin ; Steady State Voh at Far-end ; Steady State Vol at Far-end ; Voh Max at Far-end ; Vol Min at Far-end ; Ringback Voltage on Rise at Far-end ; Ringback Voltage on Fall at Far-end ; 10-90 Rise Time at Far-end ; 90-10 Fall Time at Far-end ; Monotonic Rise at Far-end ; Monotonic Fall at Far-end ;
+---------------+--------------+---------------------+---------------------+------------------------------+------------------------------+---------------------+---------------------+--------------------------------------+--------------------------------------+-----------------------------+-----------------------------+----------------------------+----------------------------+-----------------------------+-----------------------------+--------------------+--------------------+-------------------------------------+-------------------------------------+----------------------------+----------------------------+---------------------------+---------------------------+
; detector_out  ; 2.5 V        ; 0 s                 ; 0 s                 ; 2.75 V                       ; 0.000247 V                   ; 2.85 V              ; -0.0711 V           ; 0.204 V                              ; 0.181 V                              ; 4.55e-10 s                  ; 4.49e-10 s                  ; No                         ; No                         ; 2.75 V                      ; 0.000247 V                  ; 2.85 V             ; -0.0711 V          ; 0.204 V                             ; 0.181 V                             ; 4.55e-10 s                 ; 4.49e-10 s                 ; No                        ; No                        ;
; generator_out ; 2.5 V        ; 0 s                 ; 0 s                 ; 2.75 V                       ; 0.000213 V                   ; 2.79 V              ; -0.0324 V           ; 0.139 V                              ; 0.119 V                              ; 4.42e-10 s                  ; 4.33e-10 s                  ; No                         ; Yes                        ; 2.75 V                      ; 0.000213 V                  ; 2.79 V             ; -0.0324 V          ; 0.139 V                             ; 0.119 V                             ; 4.42e-10 s                 ; 4.33e-10 s                 ; No                        ; Yes                       ;
+---------------+--------------+---------------------+---------------------+------------------------------+------------------------------+---------------------+---------------------+--------------------------------------+--------------------------------------+-----------------------------+-----------------------------+----------------------------+----------------------------+-----------------------------+-----------------------------+--------------------+--------------------+-------------------------------------+-------------------------------------+----------------------------+----------------------------+---------------------------+---------------------------+


+-------------------------------------------------------------------------+
; Setup Transfers                                                         ;
+--------------+--------------+----------+----------+----------+----------+
; From Clock   ; To Clock     ; RR Paths ; FR Paths ; RF Paths ; FF Paths ;
+--------------+--------------+----------+----------+----------+----------+
; clk          ; clk          ; 1025     ; 0        ; 0        ; 0        ;
; feqdev:f|tmp ; clk          ; 1        ; 1        ; 0        ; 0        ;
; feqdev:f|tmp ; feqdev:f|tmp ; 58       ; 0        ; 0        ; 0        ;
+--------------+--------------+----------+----------+----------+----------+
Entries labeled "false path" only account for clock-to-clock false paths and not path-based false paths. As a result, actual path counts may be lower than reported.


+-------------------------------------------------------------------------+
; Hold Transfers                                                          ;
+--------------+--------------+----------+----------+----------+----------+
; From Clock   ; To Clock     ; RR Paths ; FR Paths ; RF Paths ; FF Paths ;
+--------------+--------------+----------+----------+----------+----------+
; clk          ; clk          ; 1025     ; 0        ; 0        ; 0        ;
; feqdev:f|tmp ; clk          ; 1        ; 1        ; 0        ; 0        ;
; feqdev:f|tmp ; feqdev:f|tmp ; 58       ; 0        ; 0        ; 0        ;
+--------------+--------------+----------+----------+----------+----------+
Entries labeled "false path" only account for clock-to-clock false paths and not path-based false paths. As a result, actual path counts may be lower than reported.


---------------
; Report TCCS ;
---------------
No dedicated SERDES Transmitter circuitry present in device or used in design


---------------
; Report RSKM ;
---------------
No dedicated SERDES Receiver circuitry present in device or used in design


+------------------------------------------------+
; Unconstrained Paths                            ;
+---------------------------------+-------+------+
; Property                        ; Setup ; Hold ;
+---------------------------------+-------+------+
; Illegal Clocks                  ; 0     ; 0    ;
; Unconstrained Clocks            ; 0     ; 0    ;
; Unconstrained Input Ports       ; 2     ; 2    ;
; Unconstrained Input Port Paths  ; 33    ; 33   ;
; Unconstrained Output Ports      ; 2     ; 2    ;
; Unconstrained Output Port Paths ; 5     ; 5    ;
+---------------------------------+-------+------+


+------------------------------------+
; TimeQuest Timing Analyzer Messages ;
+------------------------------------+
Info: *******************************************************************
Info: Running Quartus II 64-Bit TimeQuest Timing Analyzer
    Info: Version 13.0.1 Build 232 06/12/2013 Service Pack 1 SJ Full Version
    Info: Processing started: Mon Mar 13 15:21:10 2023
Info: Command: quartus_sta FPGA_EXP2 -c FPGA_EXP2
Info: qsta_default_script.tcl version: #1
Info (11104): Parallel Compilation has detected 8 hyper-threaded processors. However, the extra hyper-threaded processors will not be used by default. Parallel Compilation will use 4 of the 4 physical processors detected instead.
Info (21077): Low junction temperature is 0 degrees C
Info (21077): High junction temperature is 85 degrees C
Critical Warning (332012): Synopsys Design Constraints File file not found: 'FPGA_EXP2.sdc'. A Synopsys Design Constraints File is required by the TimeQuest Timing Analyzer to get proper timing constraints. Without it, the Compiler will not properly optimize the design.
Info (332142): No user constrained base clocks found in the design. Calling "derive_clocks -period 1.0"
Info (332105): Deriving Clocks
    Info (332105): create_clock -period 1.000 -name clk clk
    Info (332105): create_clock -period 1.000 -name feqdev:f|tmp feqdev:f|tmp
Info (332143): No user constrained clock uncertainty found in the design. Calling "derive_clock_uncertainty"
Info (332123): Deriving Clock Uncertainty. Please refer to report_sdc in TimeQuest to see clock uncertainties.
Info: Found TIMEQUEST_REPORT_SCRIPT_INCLUDE_DEFAULT_ANALYSIS = ON
Info: Analyzing Slow 1100mV 85C Model
Critical Warning (332148): Timing requirements not met
    Info (11105): For recommendations on closing timing, run Report Timing Closure Recommendations in the TimeQuest Timing Analyzer.
Info (332146): Worst-case setup slack is -3.337
    Info (332119):     Slack End Point TNS Clock 
    Info (332119): ========= ============= =====================
    Info (332119):    -3.337       -85.430 clk 
    Info (332119):    -1.620       -23.990 feqdev:f|tmp 
Info (332146): Worst-case hold slack is -2.269
    Info (332119):     Slack End Point TNS Clock 
    Info (332119): ========= ============= =====================
    Info (332119):    -2.269        -2.269 clk 
    Info (332119):     0.410         0.000 feqdev:f|tmp 
Info (332140): No Recovery paths to report
Info (332140): No Removal paths to report
Info (332146): Worst-case minimum pulse width slack is -0.724
    Info (332119):     Slack End Point TNS Clock 
    Info (332119): ========= ============= =====================
    Info (332119):    -0.724       -30.046 clk 
    Info (332119):    -0.724       -24.279 feqdev:f|tmp 
Info: Analyzing Slow 1100mV 0C Model
Info (334003): Started post-fitting delay annotation
Info (334004): Delay annotation completed successfully
Info (332123): Deriving Clock Uncertainty. Please refer to report_sdc in TimeQuest to see clock uncertainties.
Critical Warning (332148): Timing requirements not met
    Info (11105): For recommendations on closing timing, run Report Timing Closure Recommendations in the TimeQuest Timing Analyzer.
Info (332146): Worst-case setup slack is -3.183
    Info (332119):     Slack End Point TNS Clock 
    Info (332119): ========= ============= =====================
    Info (332119):    -3.183       -82.399 clk 
    Info (332119):    -1.710       -24.058 feqdev:f|tmp 
Info (332146): Worst-case hold slack is -2.325
    Info (332119):     Slack End Point TNS Clock 
    Info (332119): ========= ============= =====================
    Info (332119):    -2.325        -2.325 clk 
    Info (332119):     0.508         0.000 feqdev:f|tmp 
Info (332140): No Recovery paths to report
Info (332140): No Removal paths to report
Info (332146): Worst-case minimum pulse width slack is -0.724
    Info (332119):     Slack End Point TNS Clock 
    Info (332119): ========= ============= =====================
    Info (332119):    -0.724       -29.978 clk 
    Info (332119):    -0.724       -24.328 feqdev:f|tmp 
Info: Analyzing Fast 1100mV 85C Model
Info (334003): Started post-fitting delay annotation
Info (334004): Delay annotation completed successfully
Info (332123): Deriving Clock Uncertainty. Please refer to report_sdc in TimeQuest to see clock uncertainties.
Critical Warning (332148): Timing requirements not met
    Info (11105): For recommendations on closing timing, run Report Timing Closure Recommendations in the TimeQuest Timing Analyzer.
Info (332146): Worst-case setup slack is -0.907
    Info (332119):     Slack End Point TNS Clock 
    Info (332119): ========= ============= =====================
    Info (332119):    -0.907       -22.429 clk 
    Info (332119):    -0.295        -3.610 feqdev:f|tmp 
Info (332146): Worst-case hold slack is -1.005
    Info (332119):     Slack End Point TNS Clock 
    Info (332119): ========= ============= =====================
    Info (332119):    -1.005        -1.005 clk 
    Info (332119):     0.095         0.000 feqdev:f|tmp 
Info (332140): No Recovery paths to report
Info (332140): No Removal paths to report
Info (332146): Worst-case minimum pulse width slack is -0.477
    Info (332119):     Slack End Point TNS Clock 
    Info (332119): ========= ============= =====================
    Info (332119):    -0.477        -2.966 clk 
    Info (332119):     0.145         0.000 feqdev:f|tmp 
Info: Analyzing Fast 1100mV 0C Model
Info (332123): Deriving Clock Uncertainty. Please refer to report_sdc in TimeQuest to see clock uncertainties.
Critical Warning (332148): Timing requirements not met
    Info (11105): For recommendations on closing timing, run Report Timing Closure Recommendations in the TimeQuest Timing Analyzer.
Info (332146): Worst-case setup slack is -0.758
    Info (332119):     Slack End Point TNS Clock 
    Info (332119): ========= ============= =====================
    Info (332119):    -0.758       -18.729 clk 
    Info (332119):    -0.226        -2.362 feqdev:f|tmp 
Info (332146): Worst-case hold slack is -1.028
    Info (332119):     Slack End Point TNS Clock 
    Info (332119): ========= ============= =====================
    Info (332119):    -1.028        -1.028 clk 
    Info (332119):     0.093         0.000 feqdev:f|tmp 
Info (332140): No Recovery paths to report
Info (332140): No Removal paths to report
Info (332146): Worst-case minimum pulse width slack is -0.429
    Info (332119):     Slack End Point TNS Clock 
    Info (332119): ========= ============= =====================
    Info (332119):    -0.429        -2.942 clk 
    Info (332119):     0.143         0.000 feqdev:f|tmp 
Info (332102): Design is not fully constrained for setup requirements
Info (332102): Design is not fully constrained for hold requirements
Info: Quartus II 64-Bit TimeQuest Timing Analyzer was successful. 0 errors, 5 warnings
    Info: Peak virtual memory: 5132 megabytes
    Info: Processing ended: Mon Mar 13 15:21:21 2023
    Info: Elapsed time: 00:00:11
    Info: Total CPU time (on all processors): 00:00:06


