Flow report for exp1
Wed Mar 08 15:24:22 2023
Quartus II 64-Bit Version 13.0.1 Build 232 06/12/2013 Service Pack 1 SJ Full Version


---------------------
; Table of Contents ;
---------------------
  1. Legal Notice
  2. Flow Summary
  3. Flow Settings
  4. Flow Non-Default Global Settings
  5. Flow Elapsed Time
  6. Flow OS Summary
  7. Flow Log
  8. Flow Messages
  9. Flow Suppressed Messages



----------------
; Legal Notice ;
----------------
Copyright (C) 1991-2013 Altera Corporation
Your use of Altera Corporation's design tools, logic functions 
and other software and tools, and its AMPP partner logic 
functions, and any output files from any of the foregoing 
(including device programming or simulation files), and any 
associated documentation or information are expressly subject 
to the terms and conditions of the Altera Program License 
Subscription Agreement, Altera MegaCore Function License 
Agreement, or other applicable license agreement, including, 
without limitation, that your use is for the sole purpose of 
programming logic devices manufactured by Altera and sold by 
Altera or its authorized distributors.  Please refer to the 
applicable agreement for further details.



+----------------------------------------------------------------------------------------+
; Flow Summary                                                                           ;
+-------------------------------------+--------------------------------------------------+
; Flow Status                         ; Successful - Wed Mar 08 15:24:22 2023            ;
; Quartus II 64-Bit Version           ; 13.0.1 Build 232 06/12/2013 SP 1 SJ Full Version ;
; Revision Name                       ; exp1                                             ;
; Top-level Entity Name               ; FPGA_EXP1                                        ;
; Family                              ; Cyclone V                                        ;
; Device                              ; 5CEFA2F23C8                                      ;
; Timing Models                       ; Final                                            ;
; Logic utilization (in ALMs)         ; 5 / 9,430 ( < 1 % )                              ;
; Total registers                     ; 0                                                ;
; Total pins                          ; 11 / 224 ( 5 % )                                 ;
; Total virtual pins                  ; 0                                                ;
; Total block memory bits             ; 0 / 1,802,240 ( 0 % )                            ;
; Total DSP Blocks                    ; 0 / 25 ( 0 % )                                   ;
; Total HSSI RX PCSs                  ; 0                                                ;
; Total HSSI PMA RX Deserializers     ; 0                                                ;
; Total HSSI PMA RX ATT Deserializers ; 0                                                ;
; Total HSSI TX PCSs                  ; 0                                                ;
; Total HSSI PMA TX Serializers       ; 0                                                ;
; Total HSSI PMA TX ATT Serializers   ; 0                                                ;
; Total PLLs                          ; 0 / 4 ( 0 % )                                    ;
; Total DLLs                          ; 0 / 4 ( 0 % )                                    ;
+-------------------------------------+--------------------------------------------------+


+-----------------------------------------+
; Flow Settings                           ;
+-------------------+---------------------+
; Option            ; Setting             ;
+-------------------+---------------------+
; Start date & time ; 03/08/2023 15:23:38 ;
; Main task         ; Compilation         ;
; Revision Name     ; exp1                ;
+-------------------+---------------------+


+-----------------------------------------------------------------------------------------------------------------------------+
; Flow Non-Default Global Settings                                                                                            ;
+--------------------------------------+---------------------------------------+---------------+-------------+----------------+
; Assignment Name                      ; Value                                 ; Default Value ; Entity Name ; Section Id     ;
+--------------------------------------+---------------------------------------+---------------+-------------+----------------+
; COMPILER_SIGNATURE_ID                ; 118796724550065.167826021808972       ; --            ; --          ; --             ;
; EDA_DESIGN_INSTANCE_NAME             ; NA                                    ; --            ; --          ; FPGA_EXP1_tb   ;
; EDA_NATIVELINK_SIMULATION_TEST_BENCH ; FPGA_EXP1_tb                          ; --            ; --          ; eda_simulation ;
; EDA_OUTPUT_DATA_FORMAT               ; Vhdl                                  ; --            ; --          ; eda_simulation ;
; EDA_SIMULATION_TOOL                  ; ModelSim (VHDL)                       ; <None>        ; --          ; --             ;
; EDA_TEST_BENCH_ENABLE_STATUS         ; TEST_BENCH_MODE                       ; --            ; --          ; eda_simulation ;
; EDA_TEST_BENCH_FILE                  ; FPGA_EXP1_tb.vhd                      ; --            ; --          ; FPGA_EXP1_tb   ;
; EDA_TEST_BENCH_MODULE_NAME           ; FPGA_EXP1_tb                          ; --            ; --          ; FPGA_EXP1_tb   ;
; EDA_TEST_BENCH_NAME                  ; FPGA_EXP1_tb                          ; --            ; --          ; eda_simulation ;
; EDA_TEST_BENCH_RUN_SIM_FOR           ; 1000 ns                               ; --            ; --          ; FPGA_EXP1_tb   ;
; EDA_TIME_SCALE                       ; 1 ps                                  ; --            ; --          ; eda_simulation ;
; MAX_CORE_JUNCTION_TEMP               ; 85                                    ; --            ; --          ; --             ;
; MIN_CORE_JUNCTION_TEMP               ; 0                                     ; --            ; --          ; --             ;
; PARTITION_COLOR                      ; 16764057                              ; --            ; FPGA_EXP1   ; Top            ;
; PARTITION_FITTER_PRESERVATION_LEVEL  ; PLACEMENT_AND_ROUTING                 ; --            ; FPGA_EXP1   ; Top            ;
; PARTITION_NETLIST_TYPE               ; SOURCE                                ; --            ; FPGA_EXP1   ; Top            ;
; POWER_BOARD_THERMAL_MODEL            ; None (CONSERVATIVE)                   ; --            ; --          ; --             ;
; POWER_PRESET_COOLING_SOLUTION        ; 23 MM HEAT SINK WITH 200 LFPM AIRFLOW ; --            ; --          ; --             ;
; PROJECT_OUTPUT_DIRECTORY             ; output_files                          ; --            ; --          ; --             ;
; TOP_LEVEL_ENTITY                     ; FPGA_EXP1                             ; exp1          ; --          ; --             ;
+--------------------------------------+---------------------------------------+---------------+-------------+----------------+


+-------------------------------------------------------------------------------------------------------------------------------+
; Flow Elapsed Time                                                                                                             ;
+---------------------------+--------------+-------------------------+---------------------+------------------------------------+
; Module Name               ; Elapsed Time ; Average Processors Used ; Peak Virtual Memory ; Total CPU Time (on all processors) ;
+---------------------------+--------------+-------------------------+---------------------+------------------------------------+
; Analysis & Synthesis      ; 00:00:01     ; 1.0                     ; 4684 MB             ; 00:00:01                           ;
; Fitter                    ; 00:00:22     ; 1.0                     ; 6010 MB             ; 00:00:25                           ;
; Assembler                 ; 00:00:07     ; 1.0                     ; 4700 MB             ; 00:00:04                           ;
; TimeQuest Timing Analyzer ; 00:00:08     ; 1.0                     ; 5161 MB             ; 00:00:07                           ;
; EDA Netlist Writer        ; 00:00:01     ; 1.0                     ; 4582 MB             ; 00:00:01                           ;
; Total                     ; 00:00:39     ; --                      ; --                  ; 00:00:38                           ;
+---------------------------+--------------+-------------------------+---------------------+------------------------------------+


+----------------------------------------------------------------------------------------+
; Flow OS Summary                                                                        ;
+---------------------------+------------------+-----------+------------+----------------+
; Module Name               ; Machine Hostname ; OS Name   ; OS Version ; Processor type ;
+---------------------------+------------------+-----------+------------+----------------+
; Analysis & Synthesis      ; AES2_10          ; Windows 7 ; 6.2        ; x86_64         ;
; Fitter                    ; AES2_10          ; Windows 7 ; 6.2        ; x86_64         ;
; Assembler                 ; AES2_10          ; Windows 7 ; 6.2        ; x86_64         ;
; TimeQuest Timing Analyzer ; AES2_10          ; Windows 7 ; 6.2        ; x86_64         ;
; EDA Netlist Writer        ; AES2_10          ; Windows 7 ; 6.2        ; x86_64         ;
+---------------------------+------------------+-----------+------------+----------------+


------------
; Flow Log ;
------------
quartus_map --read_settings_files=on --write_settings_files=off exp1 -c exp1
quartus_fit --read_settings_files=off --write_settings_files=off exp1 -c exp1
quartus_asm --read_settings_files=off --write_settings_files=off exp1 -c exp1
quartus_sta exp1 -c exp1
quartus_eda --read_settings_files=off --write_settings_files=off exp1 -c exp1



